nohup: python: No such file or directory
INFO:     Will watch for changes in these directories: ['/Users/gugank/CMC/backend']
INFO:     Uvicorn running on http://0.0.0.0:8000 (Press CTRL+C to quit)
INFO:     Started reloader process [10727] using WatchFiles
Loaded 642 drugs in 41 categories
Drugs already indexed: 642
{"asctime": "2026-02-07 17:47:22", "name": "root", "levelname": "INFO", "message": "Multilingual Health AI logging initialized", "debug": true}
INFO:     Started server process [10759]
INFO:     Waiting for application startup.
{"asctime": "2026-02-07 17:47:22", "name": "root", "levelname": "INFO", "message": "Starting application..."}
{"asctime": "2026-02-07 17:47:22", "name": "app.utils.database", "levelname": "INFO", "message": "Using in-memory storage for development"}
{"asctime": "2026-02-07 17:47:22", "name": "root", "levelname": "INFO", "message": "Application started successfully"}
INFO:     Application startup complete.
{"asctime": "2026-02-07 17:47:22", "name": "urllib3.connectionpool", "levelname": "DEBUG", "message": "Starting new HTTPS connection (1): us.i.posthog.com:443"}
{"asctime": "2026-02-07 17:47:23", "name": "urllib3.connectionpool", "levelname": "DEBUG", "message": "https://us.i.posthog.com:443 \"POST /batch/ HTTP/1.1\" 200 15"}
{"asctime": "2026-02-07 17:47:45", "name": "app.services.google_fit_service", "levelname": "INFO", "message": "Google Fit service initialized"}
WARNING:  WatchFiles detected changes in 'app/routes/google_fit_routes.py'. Reloading...
INFO:     Shutting down
INFO:     Waiting for application shutdown.
{"asctime": "2026-02-07 17:48:05", "name": "root", "levelname": "INFO", "message": "Shutting down application..."}
{"asctime": "2026-02-07 17:48:05", "name": "app.utils.database", "levelname": "INFO", "message": "Closed database connection"}
{"asctime": "2026-02-07 17:48:05", "name": "root", "levelname": "INFO", "message": "Application shutdown complete"}
INFO:     Application shutdown complete.
INFO:     Finished server process [10759]
Loaded 642 drugs in 41 categories
Drugs already indexed: 642
{"asctime": "2026-02-07 17:48:07", "name": "root", "levelname": "INFO", "message": "Multilingual Health AI logging initialized", "debug": true}
INFO:     Started server process [11042]
INFO:     Waiting for application startup.
{"asctime": "2026-02-07 17:48:07", "name": "root", "levelname": "INFO", "message": "Starting application..."}
{"asctime": "2026-02-07 17:48:07", "name": "app.utils.database", "levelname": "INFO", "message": "Using in-memory storage for development"}
{"asctime": "2026-02-07 17:48:07", "name": "root", "levelname": "INFO", "message": "Application started successfully"}
INFO:     Application startup complete.
{"asctime": "2026-02-07 17:48:07", "name": "urllib3.connectionpool", "levelname": "DEBUG", "message": "Starting new HTTPS connection (1): us.i.posthog.com:443"}
{"asctime": "2026-02-07 17:48:08", "name": "urllib3.connectionpool", "levelname": "DEBUG", "message": "https://us.i.posthog.com:443 \"POST /batch/ HTTP/1.1\" 200 15"}
WARNING:  WatchFiles detected changes in 'app/routes/google_fit_routes.py'. Reloading...
INFO:     Shutting down
INFO:     Waiting for application shutdown.
{"asctime": "2026-02-07 17:48:39", "name": "root", "levelname": "INFO", "message": "Shutting down application..."}
{"asctime": "2026-02-07 17:48:39", "name": "app.utils.database", "levelname": "INFO", "message": "Closed database connection"}
{"asctime": "2026-02-07 17:48:39", "name": "root", "levelname": "INFO", "message": "Application shutdown complete"}
INFO:     Application shutdown complete.
INFO:     Finished server process [11042]
Loaded 642 drugs in 41 categories
Drugs already indexed: 642
{"asctime": "2026-02-07 17:48:41", "name": "root", "levelname": "INFO", "message": "Multilingual Health AI logging initialized", "debug": true}
INFO:     Started server process [11255]
INFO:     Waiting for application startup.
{"asctime": "2026-02-07 17:48:41", "name": "root", "levelname": "INFO", "message": "Starting application..."}
{"asctime": "2026-02-07 17:48:41", "name": "app.utils.database", "levelname": "INFO", "message": "Using in-memory storage for development"}
{"asctime": "2026-02-07 17:48:41", "name": "root", "levelname": "INFO", "message": "Application started successfully"}
INFO:     Application startup complete.
{"asctime": "2026-02-07 17:48:41", "name": "urllib3.connectionpool", "levelname": "DEBUG", "message": "Starting new HTTPS connection (1): us.i.posthog.com:443"}
{"asctime": "2026-02-07 17:48:42", "name": "urllib3.connectionpool", "levelname": "DEBUG", "message": "https://us.i.posthog.com:443 \"POST /batch/ HTTP/1.1\" 200 15"}
INFO:     Will watch for changes in these directories: ['/Users/gugank/CMC/backend']
INFO:     Uvicorn running on http://0.0.0.0:8000 (Press CTRL+C to quit)
INFO:     Started reloader process [23367] using WatchFiles
/Users/gugank/CMC/backend/venv/lib/python3.9/site-packages/urllib3/__init__.py:35: NotOpenSSLWarning: urllib3 v2 only supports OpenSSL 1.1.1+, currently the 'ssl' module is compiled with 'LibreSSL 2.8.3'. See: https://github.com/urllib3/urllib3/issues/3020
  warnings.warn(
⚠️ ML Diagnosis Engine not available
Process SpawnProcess-1:
Traceback (most recent call last):
  File "/Library/Developer/CommandLineTools/Library/Frameworks/Python3.framework/Versions/3.9/lib/python3.9/multiprocessing/process.py", line 315, in _bootstrap
    self.run()
  File "/Library/Developer/CommandLineTools/Library/Frameworks/Python3.framework/Versions/3.9/lib/python3.9/multiprocessing/process.py", line 108, in run
    self._target(*self._args, **self._kwargs)
  File "/Users/gugank/CMC/backend/venv/lib/python3.9/site-packages/uvicorn/_subprocess.py", line 76, in subprocess_started
    target(sockets=sockets)
  File "/Users/gugank/CMC/backend/venv/lib/python3.9/site-packages/uvicorn/server.py", line 61, in run
    return asyncio.run(self.serve(sockets=sockets))
  File "/Library/Developer/CommandLineTools/Library/Frameworks/Python3.framework/Versions/3.9/lib/python3.9/asyncio/runners.py", line 44, in run
    return loop.run_until_complete(main)
  File "uvloop/loop.pyx", line 1518, in uvloop.loop.Loop.run_until_complete
  File "/Users/gugank/CMC/backend/venv/lib/python3.9/site-packages/uvicorn/server.py", line 68, in serve
    config.load()
  File "/Users/gugank/CMC/backend/venv/lib/python3.9/site-packages/uvicorn/config.py", line 467, in load
    self.loaded_app = import_from_string(self.app)
  File "/Users/gugank/CMC/backend/venv/lib/python3.9/site-packages/uvicorn/importer.py", line 21, in import_from_string
    module = importlib.import_module(module_str)
  File "/Library/Developer/CommandLineTools/Library/Frameworks/Python3.framework/Versions/3.9/lib/python3.9/importlib/__init__.py", line 127, in import_module
    return _bootstrap._gcd_import(name[level:], package, level)
  File "<frozen importlib._bootstrap>", line 1030, in _gcd_import
  File "<frozen importlib._bootstrap>", line 1007, in _find_and_load
  File "<frozen importlib._bootstrap>", line 986, in _find_and_load_unlocked
  File "<frozen importlib._bootstrap>", line 680, in _load_unlocked
  File "<frozen importlib._bootstrap_external>", line 850, in exec_module
  File "<frozen importlib._bootstrap>", line 228, in _call_with_frames_removed
  File "/Users/gugank/CMC/backend/app/main.py", line 16, in <module>
    from app.routes import prescription_routes, prescription_qa_routes, prescription_reminder_routes
  File "/Users/gugank/CMC/backend/app/routes/prescription_routes.py", line 14, in <module>
    from app.services.prescription_store import prescription_store as store
  File "/Users/gugank/CMC/backend/app/services/prescription_store.py", line 11, in <module>
    class PrescriptionStore:
  File "/Users/gugank/CMC/backend/app/services/prescription_store.py", line 23, in PrescriptionStore
    def get_prescription(self, prescription_id: str) -> PrescriptionData | None:
TypeError: unsupported operand type(s) for |: 'ModelMetaclass' and 'NoneType'
Loaded 642 drugs in 41 categories
INFO:     Stopping reloader process [23367]
